<?xml version="1.0" encoding="UTF-8"?>
<!-- Generated by org.testng.reporters.JUnitReportReporter -->
<testsuite hostname="LAPTOP-UNVJLEE0" failures="0" tests="1" name="Academy.EndtoEndProject.ValiDateNavigationBar" time="14.351" errors="0" timestamp="2022-01-04T00:59:40 IST" skipped="0">
  <testcase classname="Academy.EndtoEndProject.ValiDateNavigationBar" name="basePageNavigation" time="14.351"/>
  <system-out/>
</testsuite> <!-- Academy.EndtoEndProject.ValiDateNavigationBar -->
