<?xml version="1.0" encoding="UTF-8"?>
<!-- Generated by org.testng.reporters.JUnitReportReporter -->
<testsuite hostname="LAPTOP-UNVJLEE0" failures="0" tests="1" name="Academy.EndtoEndProject.ValiDateTittle" time="10.085" errors="0" timestamp="2022-01-04T00:59:40 IST" skipped="0">
  <testcase classname="Academy.EndtoEndProject.ValiDateTittle" name="basePageNavigation" time="10.085"/>
  <system-out/>
</testsuite> <!-- Academy.EndtoEndProject.ValiDateTittle -->
