<?xml version="1.0" encoding="UTF-8"?>
<!-- Generated by org.testng.reporters.JUnitReportReporter -->
<testsuite skipped="0" hostname="LAPTOP-UNVJLEE0" name="Academy.EndtoEndProject.HomePage" tests="2" failures="0" timestamp="2022-01-09T22:43:32 IST" time="8.660" errors="0">
  <testcase name="basePageNavigation" time="2.944" classname="Academy.EndtoEndProject.HomePage"/>
  <system-out/>
  <testcase name="basePageNavigation" time="5.716" classname="Academy.EndtoEndProject.HomePage"/>
  <system-out/>
</testsuite> <!-- Academy.EndtoEndProject.HomePage -->
