<?xml version="1.0" encoding="UTF-8"?>
<!-- Generated by org.testng.reporters.JUnitReportReporter -->
<testsuite skipped="0" hostname="LAPTOP-UNVJLEE0" name="Academy.EndtoEndProject.ValiDateNavigationBar" tests="1" failures="0" timestamp="2022-01-09T22:43:32 IST" time="3.548" errors="0">
  <testcase name="validateNavbar" time="3.548" classname="Academy.EndtoEndProject.ValiDateNavigationBar"/>
  <system-out/>
</testsuite> <!-- Academy.EndtoEndProject.ValiDateNavigationBar -->
