<?xml version="1.0" encoding="UTF-8"?>
<!-- Generated by org.testng.reporters.JUnitReportReporter -->
<testsuite skipped="0" hostname="LAPTOP-UNVJLEE0" name="Academy.EndtoEndProject.ValiDateTittle" tests="1" failures="0" timestamp="2022-01-09T22:43:32 IST" time="3.943" errors="0">
  <testcase name="validateApptittle" time="3.943" classname="Academy.EndtoEndProject.ValiDateTittle"/>
  <system-out/>
</testsuite> <!-- Academy.EndtoEndProject.ValiDateTittle -->
